DEBUG:urllib3.connectionpool:Starting new HTTPS connection (1): data-live.flightradar24.com:443
INFO:werkzeug:[31m[1mWARNING: This is a development server. Do not use it in a production deployment. Use a production WSGI server instead.[0m
 * Running on http://127.0.0.1:5001
INFO:werkzeug:[33mPress CTRL+C to quit[0m
DEBUG:urllib3.connectionpool:https://data-live.flightradar24.com:443 "GET /clickhandler/?flight=33803683 HTTP/1.1" 200 None
DEBUG:urllib3.connectionpool:Starting new HTTPS connection (1): data-live.flightradar24.com:443
DEBUG:urllib3.connectionpool:https://data-live.flightradar24.com:443 "GET /clickhandler/?flight=33803683 HTTP/1.1" 200 None
DEBUG:urllib3.connectionpool:Starting new HTTPS connection (1): data-live.flightradar24.com:443
DEBUG:urllib3.connectionpool:https://data-live.flightradar24.com:443 "GET /clickhandler/?flight=33803683 HTTP/1.1" 200 None
DEBUG:urllib3.connectionpool:Starting new HTTPS connection (1): data-live.flightradar24.com:443
DEBUG:urllib3.connectionpool:https://data-live.flightradar24.com:443 "GET /clickhandler/?flight=33803683 HTTP/1.1" 200 None
DEBUG:urllib3.connectionpool:Starting new HTTPS connection (1): data-live.flightradar24.com:443
DEBUG:urllib3.connectionpool:https://data-live.flightradar24.com:443 "GET /clickhandler/?flight=33803683 HTTP/1.1" 200 None
DEBUG:urllib3.connectionpool:Starting new HTTPS connection (1): data-live.flightradar24.com:443
DEBUG:urllib3.connectionpool:https://data-live.flightradar24.com:443 "GET /clickhandler/?flight=33803683 HTTP/1.1" 200 None
DEBUG:urllib3.connectionpool:Starting new HTTPS connection (1): data-live.flightradar24.com:443
DEBUG:urllib3.connectionpool:https://data-live.flightradar24.com:443 "GET /clickhandler/?flight=33803683 HTTP/1.1" 200 None
DEBUG:urllib3.connectionpool:Starting new HTTPS connection (1): data-live.flightradar24.com:443
DEBUG:urllib3.connectionpool:https://data-live.flightradar24.com:443 "GET /clickhandler/?flight=33803683 HTTP/1.1" 200 None
DEBUG:urllib3.connectionpool:Starting new HTTPS connection (1): data-live.flightradar24.com:443
DEBUG:urllib3.connectionpool:https://data-live.flightradar24.com:443 "GET /clickhandler/?flight=33803683 HTTP/1.1" 200 None
DEBUG:urllib3.connectionpool:Starting new HTTPS connection (1): data-live.flightradar24.com:443
DEBUG:urllib3.connectionpool:https://data-live.flightradar24.com:443 "GET /clickhandler/?flight=33803683 HTTP/1.1" 200 None
DEBUG:urllib3.connectionpool:Starting new HTTPS connection (1): data-live.flightradar24.com:443
DEBUG:urllib3.connectionpool:https://data-live.flightradar24.com:443 "GET /clickhandler/?flight=33803683 HTTP/1.1" 200 None
DEBUG:urllib3.connectionpool:Starting new HTTPS connection (1): data-live.flightradar24.com:443
DEBUG:urllib3.connectionpool:https://data-live.flightradar24.com:443 "GET /clickhandler/?flight=33803683 HTTP/1.1" 200 None
DEBUG:urllib3.connectionpool:Starting new HTTPS connection (1): data-live.flightradar24.com:443
INFO:werkzeug:[31m[1mWARNING: This is a development server. Do not use it in a production deployment. Use a production WSGI server instead.[0m
 * Running on http://127.0.0.1:5002
INFO:werkzeug:[33mPress CTRL+C to quit[0m
DEBUG:urllib3.connectionpool:https://data-live.flightradar24.com:443 "GET /clickhandler/?flight=33803683 HTTP/1.1" 200 None
DEBUG:urllib3.connectionpool:Starting new HTTPS connection (1): data-live.flightradar24.com:443
DEBUG:urllib3.connectionpool:https://data-live.flightradar24.com:443 "GET /clickhandler/?flight=33803683 HTTP/1.1" 200 None
DEBUG:urllib3.connectionpool:Starting new HTTPS connection (1): data-live.flightradar24.com:443
DEBUG:urllib3.connectionpool:https://data-live.flightradar24.com:443 "GET /clickhandler/?flight=33803683 HTTP/1.1" 200 None
DEBUG:urllib3.connectionpool:Starting new HTTPS connection (1): data-live.flightradar24.com:443
DEBUG:urllib3.connectionpool:Starting new HTTPS connection (1): data-live.flightradar24.com:443
DEBUG:urllib3.connectionpool:https://data-live.flightradar24.com:443 "GET /clickhandler/?flight=33803683 HTTP/1.1" 200 None
DEBUG:urllib3.connectionpool:https://data-live.flightradar24.com:443 "GET /clickhandler/?flight=33803683 HTTP/1.1" 200 None
DEBUG:urllib3.connectionpool:Starting new HTTPS connection (1): data-live.flightradar24.com:443
DEBUG:urllib3.connectionpool:Starting new HTTPS connection (1): data-live.flightradar24.com:443
DEBUG:urllib3.connectionpool:https://data-live.flightradar24.com:443 "GET /clickhandler/?flight=33803683 HTTP/1.1" 200 None
DEBUG:urllib3.connectionpool:https://data-live.flightradar24.com:443 "GET /clickhandler/?flight=33803683 HTTP/1.1" 200 None
DEBUG:urllib3.connectionpool:Starting new HTTPS connection (1): data-live.flightradar24.com:443
DEBUG:urllib3.connectionpool:Starting new HTTPS connection (1): data-live.flightradar24.com:443
DEBUG:urllib3.connectionpool:https://data-live.flightradar24.com:443 "GET /clickhandler/?flight=33803683 HTTP/1.1" 200 None
DEBUG:urllib3.connectionpool:https://data-live.flightradar24.com:443 "GET /clickhandler/?flight=33803683 HTTP/1.1" 200 None
DEBUG:urllib3.connectionpool:Starting new HTTPS connection (1): data-live.flightradar24.com:443
DEBUG:urllib3.connectionpool:Starting new HTTPS connection (1): data-live.flightradar24.com:443
DEBUG:urllib3.connectionpool:https://data-live.flightradar24.com:443 "GET /clickhandler/?flight=33803683 HTTP/1.1" 200 None
DEBUG:urllib3.connectionpool:https://data-live.flightradar24.com:443 "GET /clickhandler/?flight=33803683 HTTP/1.1" 200 None
DEBUG:urllib3.connectionpool:Starting new HTTPS connection (1): data-live.flightradar24.com:443
DEBUG:urllib3.connectionpool:Starting new HTTPS connection (1): data-live.flightradar24.com:443
DEBUG:urllib3.connectionpool:https://data-live.flightradar24.com:443 "GET /clickhandler/?flight=33803683 HTTP/1.1" 200 None
DEBUG:urllib3.connectionpool:https://data-live.flightradar24.com:443 "GET /clickhandler/?flight=33803683 HTTP/1.1" 200 None
DEBUG:urllib3.connectionpool:Starting new HTTPS connection (1): data-live.flightradar24.com:443
DEBUG:urllib3.connectionpool:Starting new HTTPS connection (1): data-live.flightradar24.com:443
DEBUG:urllib3.connectionpool:https://data-live.flightradar24.com:443 "GET /clickhandler/?flight=33803683 HTTP/1.1" 200 None
DEBUG:urllib3.connectionpool:https://data-live.flightradar24.com:443 "GET /clickhandler/?flight=33803683 HTTP/1.1" 200 None
DEBUG:urllib3.connectionpool:Starting new HTTPS connection (1): data-live.flightradar24.com:443
DEBUG:urllib3.connectionpool:Starting new HTTPS connection (1): data-live.flightradar24.com:443
DEBUG:urllib3.connectionpool:https://data-live.flightradar24.com:443 "GET /clickhandler/?flight=33803683 HTTP/1.1" 200 None
DEBUG:urllib3.connectionpool:https://data-live.flightradar24.com:443 "GET /clickhandler/?flight=33803683 HTTP/1.1" 200 None
DEBUG:urllib3.connectionpool:Starting new HTTPS connection (1): data-live.flightradar24.com:443
DEBUG:urllib3.connectionpool:Starting new HTTPS connection (1): data-live.flightradar24.com:443
DEBUG:urllib3.connectionpool:https://data-live.flightradar24.com:443 "GET /clickhandler/?flight=33803683 HTTP/1.1" 200 None
DEBUG:urllib3.connectionpool:https://data-live.flightradar24.com:443 "GET /clickhandler/?flight=33803683 HTTP/1.1" 200 None
DEBUG:urllib3.connectionpool:Starting new HTTPS connection (1): data-live.flightradar24.com:443
DEBUG:urllib3.connectionpool:Starting new HTTPS connection (1): data-live.flightradar24.com:443
DEBUG:urllib3.connectionpool:https://data-live.flightradar24.com:443 "GET /clickhandler/?flight=33803683 HTTP/1.1" 200 None
DEBUG:urllib3.connectionpool:https://data-live.flightradar24.com:443 "GET /clickhandler/?flight=33803683 HTTP/1.1" 200 None
DEBUG:urllib3.connectionpool:Starting new HTTPS connection (1): data-live.flightradar24.com:443
DEBUG:urllib3.connectionpool:Starting new HTTPS connection (1): data-live.flightradar24.com:443
DEBUG:urllib3.connectionpool:https://data-live.flightradar24.com:443 "GET /clickhandler/?flight=33803683 HTTP/1.1" 200 None
DEBUG:urllib3.connectionpool:https://data-live.flightradar24.com:443 "GET /clickhandler/?flight=33803683 HTTP/1.1" 200 None
DEBUG:urllib3.connectionpool:Starting new HTTPS connection (1): data-live.flightradar24.com:443
DEBUG:urllib3.connectionpool:Starting new HTTPS connection (1): data-live.flightradar24.com:443
DEBUG:urllib3.connectionpool:https://data-live.flightradar24.com:443 "GET /clickhandler/?flight=33803683 HTTP/1.1" 200 None
DEBUG:urllib3.connectionpool:https://data-live.flightradar24.com:443 "GET /clickhandler/?flight=33803683 HTTP/1.1" 200 None
DEBUG:urllib3.connectionpool:Starting new HTTPS connection (1): data-live.flightradar24.com:443
DEBUG:urllib3.connectionpool:https://data-live.flightradar24.com:443 "GET /clickhandler/?flight=33803683 HTTP/1.1" 200 None
DEBUG:urllib3.connectionpool:Starting new HTTPS connection (1): data-live.flightradar24.com:443
DEBUG:urllib3.connectionpool:https://data-live.flightradar24.com:443 "GET /clickhandler/?flight=33803683 HTTP/1.1" 200 None
DEBUG:urllib3.connectionpool:Starting new HTTPS connection (1): data-live.flightradar24.com:443
DEBUG:urllib3.connectionpool:Starting new HTTPS connection (1): data-live.flightradar24.com:443
DEBUG:urllib3.connectionpool:https://data-live.flightradar24.com:443 "GET /clickhandler/?flight=33803683 HTTP/1.1" 200 None
DEBUG:urllib3.connectionpool:https://data-live.flightradar24.com:443 "GET /clickhandler/?flight=33803683 HTTP/1.1" 200 None
DEBUG:urllib3.connectionpool:Starting new HTTPS connection (1): data-live.flightradar24.com:443
DEBUG:urllib3.connectionpool:https://data-live.flightradar24.com:443 "GET /clickhandler/?flight=33803683 HTTP/1.1" 200 None
DEBUG:urllib3.connectionpool:Starting new HTTPS connection (1): data-live.flightradar24.com:443
DEBUG:urllib3.connectionpool:https://data-live.flightradar24.com:443 "GET /clickhandler/?flight=33803683 HTTP/1.1" 200 None
DEBUG:urllib3.connectionpool:Starting new HTTPS connection (1): data-live.flightradar24.com:443
DEBUG:urllib3.connectionpool:https://data-live.flightradar24.com:443 "GET /clickhandler/?flight=33803683 HTTP/1.1" 200 None
DEBUG:urllib3.connectionpool:Starting new HTTPS connection (1): data-live.flightradar24.com:443
DEBUG:urllib3.connectionpool:https://data-live.flightradar24.com:443 "GET /clickhandler/?flight=33803683 HTTP/1.1" 200 None
DEBUG:urllib3.connectionpool:Starting new HTTPS connection (1): data-live.flightradar24.com:443
DEBUG:urllib3.connectionpool:https://data-live.flightradar24.com:443 "GET /clickhandler/?flight=33803683 HTTP/1.1" 200 None
DEBUG:urllib3.connectionpool:Starting new HTTPS connection (1): data-live.flightradar24.com:443
DEBUG:urllib3.connectionpool:https://data-live.flightradar24.com:443 "GET /clickhandler/?flight=33803683 HTTP/1.1" 200 None
DEBUG:urllib3.connectionpool:Starting new HTTPS connection (1): data-live.flightradar24.com:443
DEBUG:urllib3.connectionpool:https://data-live.flightradar24.com:443 "GET /clickhandler/?flight=33803683 HTTP/1.1" 200 None
DEBUG:urllib3.connectionpool:Starting new HTTPS connection (1): data-live.flightradar24.com:443
DEBUG:urllib3.connectionpool:https://data-live.flightradar24.com:443 "GET /clickhandler/?flight=33803683 HTTP/1.1" 200 None
DEBUG:urllib3.connectionpool:Starting new HTTPS connection (1): data-live.flightradar24.com:443
DEBUG:urllib3.connectionpool:https://data-live.flightradar24.com:443 "GET /clickhandler/?flight=33803683 HTTP/1.1" 200 None
DEBUG:urllib3.connectionpool:Starting new HTTPS connection (1): data-live.flightradar24.com:443
DEBUG:urllib3.connectionpool:Starting new HTTPS connection (1): data-live.flightradar24.com:443
DEBUG:urllib3.connectionpool:https://data-live.flightradar24.com:443 "GET /clickhandler/?flight=33803683 HTTP/1.1" 200 None
DEBUG:urllib3.connectionpool:https://data-live.flightradar24.com:443 "GET /clickhandler/?flight=33803683 HTTP/1.1" 200 None
DEBUG:urllib3.connectionpool:Starting new HTTPS connection (1): data-live.flightradar24.com:443
DEBUG:urllib3.connectionpool:Starting new HTTPS connection (1): data-live.flightradar24.com:443
DEBUG:urllib3.connectionpool:https://data-live.flightradar24.com:443 "GET /clickhandler/?flight=33803683 HTTP/1.1" 520 None
DEBUG:urllib3.connectionpool:https://data-live.flightradar24.com:443 "GET /clickhandler/?flight=33803683 HTTP/1.1" 200 None
DEBUG:urllib3.connectionpool:Starting new HTTPS connection (1): data-live.flightradar24.com:443
DEBUG:urllib3.connectionpool:https://data-live.flightradar24.com:443 "GET /clickhandler/?flight=33803683 HTTP/1.1" 200 None
DEBUG:urllib3.connectionpool:Starting new HTTPS connection (1): data-live.flightradar24.com:443
DEBUG:urllib3.connectionpool:https://data-live.flightradar24.com:443 "GET /clickhandler/?flight=33803683 HTTP/1.1" 200 None
DEBUG:urllib3.connectionpool:Starting new HTTPS connection (1): data-live.flightradar24.com:443
DEBUG:urllib3.connectionpool:https://data-live.flightradar24.com:443 "GET /clickhandler/?flight=33803683 HTTP/1.1" 200 None
DEBUG:urllib3.connectionpool:Starting new HTTPS connection (1): data-live.flightradar24.com:443
DEBUG:urllib3.connectionpool:https://data-live.flightradar24.com:443 "GET /clickhandler/?flight=33803683 HTTP/1.1" 200 None
DEBUG:urllib3.connectionpool:Starting new HTTPS connection (1): data-live.flightradar24.com:443
INFO:werkzeug:[31m[1mWARNING: This is a development server. Do not use it in a production deployment. Use a production WSGI server instead.[0m
 * Running on http://127.0.0.1:5003
INFO:werkzeug:[33mPress CTRL+C to quit[0m
DEBUG:urllib3.connectionpool:https://data-live.flightradar24.com:443 "GET /clickhandler/?flight=33803683 HTTP/1.1" 200 None
DEBUG:urllib3.connectionpool:Starting new HTTPS connection (1): data-live.flightradar24.com:443
DEBUG:urllib3.connectionpool:https://data-live.flightradar24.com:443 "GET /clickhandler/?flight=33803683 HTTP/1.1" 200 None
DEBUG:urllib3.connectionpool:Starting new HTTPS connection (1): data-live.flightradar24.com:443
DEBUG:urllib3.connectionpool:Starting new HTTPS connection (1): data-live.flightradar24.com:443
DEBUG:urllib3.connectionpool:https://data-live.flightradar24.com:443 "GET /clickhandler/?flight=33803683 HTTP/1.1" 200 None
DEBUG:urllib3.connectionpool:https://data-live.flightradar24.com:443 "GET /clickhandler/?flight=33803683 HTTP/1.1" 200 None
DEBUG:urllib3.connectionpool:Starting new HTTPS connection (1): data-live.flightradar24.com:443
DEBUG:urllib3.connectionpool:Starting new HTTPS connection (1): data-live.flightradar24.com:443
DEBUG:urllib3.connectionpool:https://data-live.flightradar24.com:443 "GET /clickhandler/?flight=33803683 HTTP/1.1" 200 None
DEBUG:urllib3.connectionpool:https://data-live.flightradar24.com:443 "GET /clickhandler/?flight=33803683 HTTP/1.1" 200 None
